app/build/outputs/logs/manifest-merger-debug-report.txt
-- Merging decision tree log ---
manifest
ADDED from src/main/AndroidManifest.xml:2:1-76:12
INJECTED from src/main/AndroidManifest.xml:2:1-76:12
INJECTED from src/main/AndroidManifest.xml:2:1-76:12
INJECTED from src/main/AndroidManifest.xml:2:1-76:12
MERGED from [com.github.javiersantos:PiracyChecker:1.1] AndroidManifest.xml:2:1-19:12
MERGED from [com.android.support:appcompat-v7:25.3.0] AndroidManifest.xml:17:1-31:12
MERGED from [com.android.support:animated-vector-drawable:25.3.0] AndroidManifest.xml:17:1-28:12
MERGED from [com.android.support:support-vector-drawable:25.3.0] AndroidManifest.xml:17:1-28:12
MERGED from [com.android.support:support-v4:25.3.0] AndroidManifest.xml:17:1-31:12
MERGED from [com.android.support:support-fragment:25.3.0] AndroidManifest.xml:17:1-31:12
MERGED from [com.android.support:support-media-compat:25.3.0] AndroidManifest.xml:17:1-31:12
MERGED from [com.android.support:support-core-utils:25.3.0] AndroidManifest.xml:17:1-31:12
MERGED from [com.android.support:support-core-ui:25.3.0] AndroidManifest.xml:17:1-31:12
MERGED from [com.android.support:support-compat:25.3.0] AndroidManifest.xml:17:1-31:12
INJECTED from src/main/AndroidManifest.xml:2:1-76:12
INJECTED from src/main/AndroidManifest.xml:2:1-76:12
INJECTED from src/main/AndroidManifest.xml:2:1-76:12
	package
		ADDED from src/main/AndroidManifest.xml:4:11-46
		INJECTED from src/main/AndroidManifest.xml
		INJECTED from src/main/AndroidManifest.xml
	android:versionName
		INJECTED from src/main/AndroidManifest.xml
		ADDED from src/main/AndroidManifest.xml:2:1-76:12
		INJECTED from src/main/AndroidManifest.xml
	xmlns:tools
		ADDED from src/main/AndroidManifest.xml:3:11-57
	android:versionCode
		INJECTED from src/main/AndroidManifest.xml
		ADDED from src/main/AndroidManifest.xml:2:1-76:12
		INJECTED from src/main/AndroidManifest.xml
	xmlns:android
		ADDED from src/main/AndroidManifest.xml:2:11-69
	android:installLocation
		ADDED from src/main/AndroidManifest.xml:5:11-49
uses-permission#com.android.vending.CHECK_LICENSE
ADDED from src/main/AndroidManifest.xml:7:5-72
MERGED from [com.github.javiersantos:PiracyChecker:1.1] AndroidManifest.xml:11:5-73
MERGED from [com.github.javiersantos:PiracyChecker:1.1] AndroidManifest.xml:11:5-73
	android:name
		ADDED from src/main/AndroidManifest.xml:7:22-70
uses-permission#android.permission.INTERNET
ADDED from src/main/AndroidManifest.xml:8:5-67
	android:name
		ADDED from src/main/AndroidManifest.xml:8:22-64
uses-feature#projekt.substratum.theme
ADDED from src/main/AndroidManifest.xml:10:2-12:36
	android:required
		ADDED from src/main/AndroidManifest.xml:12:9-33
	android:name
		ADDED from src/main/AndroidManifest.xml:11:9-48
application
ADDED from src/main/AndroidManifest.xml:14:5-74:19
REJECTED from [com.github.javiersantos:PiracyChecker:1.1] AndroidManifest.xml:13:5-17:19
REJECTED from [com.android.support:appcompat-v7:25.3.0] AndroidManifest.xml:29:5-20
REJECTED from [com.android.support:animated-vector-drawable:25.3.0] AndroidManifest.xml:26:5-20
REJECTED from [com.android.support:support-vector-drawable:25.3.0] AndroidManifest.xml:26:5-20
REJECTED from [com.android.support:support-v4:25.3.0] AndroidManifest.xml:29:5-20
REJECTED from [com.android.support:support-fragment:25.3.0] AndroidManifest.xml:29:5-20
REJECTED from [com.android.support:support-media-compat:25.3.0] AndroidManifest.xml:29:5-20
REJECTED from [com.android.support:support-core-utils:25.3.0] AndroidManifest.xml:29:5-20
REJECTED from [com.android.support:support-core-ui:25.3.0] AndroidManifest.xml:29:5-20
REJECTED from [com.android.support:support-compat:25.3.0] AndroidManifest.xml:29:5-20
	tools:node
		ADDED from src/main/AndroidManifest.xml:20:9-29
	android:extractNativeLibs
		ADDED from src/main/AndroidManifest.xml:22:9-42
	android:supportsRtl
		ADDED from src/main/AndroidManifest.xml:18:9-35
	android:label
		ADDED from src/main/AndroidManifest.xml:17:9-42
	tools:ignore
		ADDED from src/main/AndroidManifest.xml:21:9-48
	android:icon
		ADDED from src/main/AndroidManifest.xml:16:9-43
	android:allowBackup
		ADDED from src/main/AndroidManifest.xml:15:9-36
	android:theme
		ADDED from src/main/AndroidManifest.xml:19:9-43
activity#substratum.theme.template.SubstratumLauncher
ADDED from src/main/AndroidManifest.xml:24:9-36:20
	android:name
		ADDED from src/main/AndroidManifest.xml:24:19-78
intent-filter#android.intent.category.DEFAULT+projekt.substratum.THEME
ADDED from src/main/AndroidManifest.xml:25:13-28:29
action#projekt.substratum.THEME
ADDED from src/main/AndroidManifest.xml:26:17-66
	android:name
		ADDED from src/main/AndroidManifest.xml:26:25-64
category#android.intent.category.DEFAULT
ADDED from src/main/AndroidManifest.xml:27:17-75
	android:name
		ADDED from src/main/AndroidManifest.xml:27:27-73
intent-filter#android.intent.category.DEFAULT+projekt.substratum.GET_KEYS
ADDED from src/main/AndroidManifest.xml:29:13-32:29
action#projekt.substratum.GET_KEYS
ADDED from src/main/AndroidManifest.xml:30:17-70
	android:name
		ADDED from src/main/AndroidManifest.xml:30:25-67
intent-filter#android.intent.action.MAIN
ADDED from src/main/AndroidManifest.xml:33:13-35:29
action#android.intent.action.MAIN
ADDED from src/main/AndroidManifest.xml:34:17-68
	android:name
		ADDED from src/main/AndroidManifest.xml:34:25-66
meta-data#Substratum_Legacy
ADDED from src/main/AndroidManifest.xml:38:9-40:55
	android:value
		ADDED from src/main/AndroidManifest.xml:40:13-53
	android:name
		ADDED from src/main/AndroidManifest.xml:39:13-45
meta-data#Substratum_Name
ADDED from src/main/AndroidManifest.xml:41:9-43:48
	android:value
		ADDED from src/main/AndroidManifest.xml:43:13-46
	android:name
		ADDED from src/main/AndroidManifest.xml:42:13-43
meta-data#Substratum_Author
ADDED from src/main/AndroidManifest.xml:44:9-46:50
	android:value
		ADDED from src/main/AndroidManifest.xml:46:13-48
	android:name
		ADDED from src/main/AndroidManifest.xml:45:13-45
meta-data#Substratum_Email
ADDED from src/main/AndroidManifest.xml:47:9-49:55
	android:value
		ADDED from src/main/AndroidManifest.xml:49:13-53
	android:name
		ADDED from src/main/AndroidManifest.xml:48:13-44
meta-data#Substratum_Samsung
ADDED from src/main/AndroidManifest.xml:50:9-52:56
	android:value
		ADDED from src/main/AndroidManifest.xml:52:13-54
	android:name
		ADDED from src/main/AndroidManifest.xml:51:13-46
meta-data#Substratum_ThemeReady
ADDED from src/main/AndroidManifest.xml:53:9-55:60
	android:value
		ADDED from src/main/AndroidManifest.xml:55:13-58
	android:name
		ADDED from src/main/AndroidManifest.xml:54:13-49
meta-data#Substratum_Wallpapers
ADDED from src/main/AndroidManifest.xml:56:9-58:59
	android:value
		ADDED from src/main/AndroidManifest.xml:58:13-57
	android:name
		ADDED from src/main/AndroidManifest.xml:57:13-49
meta-data#Substratum_HeroOverride
ADDED from src/main/AndroidManifest.xml:59:9-61:56
	android:value
		ADDED from src/main/AndroidManifest.xml:61:13-54
	android:name
		ADDED from src/main/AndroidManifest.xml:60:13-51
meta-data#Substratum_Plugin
ADDED from src/main/AndroidManifest.xml:64:9-66:37
	android:value
		ADDED from src/main/AndroidManifest.xml:66:13-35
	android:name
		ADDED from src/main/AndroidManifest.xml:65:13-45
meta-data#Substratum_Encryption
ADDED from src/main/AndroidManifest.xml:67:9-69:56
	android:value
		ADDED from src/main/AndroidManifest.xml:69:13-54
	android:name
		ADDED from src/main/AndroidManifest.xml:68:13-49
meta-data#supports_third_party_theme_systems
ADDED from src/main/AndroidManifest.xml:70:9-72:72
	android:value
		ADDED from src/main/AndroidManifest.xml:72:13-69
	android:name
		ADDED from src/main/AndroidManifest.xml:71:13-62
uses-sdk
INJECTED from src/main/AndroidManifest.xml reason: use-sdk injection requested
INJECTED from src/main/AndroidManifest.xml
INJECTED from src/main/AndroidManifest.xml
MERGED from [com.github.javiersantos:PiracyChecker:1.1] AndroidManifest.xml:7:5-9:41
MERGED from [com.github.javiersantos:PiracyChecker:1.1] AndroidManifest.xml:7:5-9:41
MERGED from [com.android.support:appcompat-v7:25.3.0] AndroidManifest.xml:21:5-23:78
MERGED from [com.android.support:appcompat-v7:25.3.0] AndroidManifest.xml:21:5-23:78
MERGED from [com.android.support:animated-vector-drawable:25.3.0] AndroidManifest.xml:20:5-44
MERGED from [com.android.support:animated-vector-drawable:25.3.0] AndroidManifest.xml:20:5-44
MERGED from [com.android.support:support-vector-drawable:25.3.0] AndroidManifest.xml:20:5-43
MERGED from [com.android.support:support-vector-drawable:25.3.0] AndroidManifest.xml:20:5-43
MERGED from [com.android.support:support-v4:25.3.0] AndroidManifest.xml:21:5-23:54
MERGED from [com.android.support:support-v4:25.3.0] AndroidManifest.xml:21:5-23:54
MERGED from [com.android.support:support-fragment:25.3.0] AndroidManifest.xml:21:5-23:60
MERGED from [com.android.support:support-fragment:25.3.0] AndroidManifest.xml:21:5-23:60
MERGED from [com.android.support:support-media-compat:25.3.0] AndroidManifest.xml:21:5-23:63
MERGED from [com.android.support:support-media-compat:25.3.0] AndroidManifest.xml:21:5-23:63
MERGED from [com.android.support:support-core-utils:25.3.0] AndroidManifest.xml:21:5-23:61
MERGED from [com.android.support:support-core-utils:25.3.0] AndroidManifest.xml:21:5-23:61
MERGED from [com.android.support:support-core-ui:25.3.0] AndroidManifest.xml:21:5-23:58
MERGED from [com.android.support:support-core-ui:25.3.0] AndroidManifest.xml:21:5-23:58
MERGED from [com.android.support:support-compat:25.3.0] AndroidManifest.xml:21:5-23:58
MERGED from [com.android.support:support-compat:25.3.0] AndroidManifest.xml:21:5-23:58
INJECTED from src/main/AndroidManifest.xml
INJECTED from src/main/AndroidManifest.xml
	tools:overrideLibrary
		ADDED from [com.android.support:appcompat-v7:25.3.0] AndroidManifest.xml:23:9-75
	android:targetSdkVersion
		INJECTED from src/main/AndroidManifest.xml
		ADDED from src/main/AndroidManifest.xml
		INJECTED from src/main/AndroidManifest.xml
	android:minSdkVersion
		INJECTED from src/main/AndroidManifest.xml
		ADDED from src/main/AndroidManifest.xml
		INJECTED from src/main/AndroidManifest.xml
meta-data#android.support.VERSION
ADDED from [com.android.support:appcompat-v7:25.3.0] AndroidManifest.xml:25:5-27:34
MERGED from [com.android.support:animated-vector-drawable:25.3.0] AndroidManifest.xml:22:5-24:34
MERGED from [com.android.support:animated-vector-drawable:25.3.0] AndroidManifest.xml:22:5-24:34
MERGED from [com.android.support:support-vector-drawable:25.3.0] AndroidManifest.xml:22:5-24:34
MERGED from [com.android.support:support-vector-drawable:25.3.0] AndroidManifest.xml:22:5-24:34
MERGED from [com.android.support:support-v4:25.3.0] AndroidManifest.xml:25:5-27:34
MERGED from [com.android.support:support-v4:25.3.0] AndroidManifest.xml:25:5-27:34
MERGED from [com.android.support:support-fragment:25.3.0] AndroidManifest.xml:25:5-27:34
MERGED from [com.android.support:support-fragment:25.3.0] AndroidManifest.xml:25:5-27:34
MERGED from [com.android.support:support-media-compat:25.3.0] AndroidManifest.xml:25:5-27:34
MERGED from [com.android.support:support-media-compat:25.3.0] AndroidManifest.xml:25:5-27:34
MERGED from [com.android.support:support-core-utils:25.3.0] AndroidManifest.xml:25:5-27:34
MERGED from [com.android.support:support-core-utils:25.3.0] AndroidManifest.xml:25:5-27:34
MERGED from [com.android.support:support-core-ui:25.3.0] AndroidManifest.xml:25:5-27:34
MERGED from [com.android.support:support-core-ui:25.3.0] AndroidManifest.xml:25:5-27:34
MERGED from [com.android.support:support-compat:25.3.0] AndroidManifest.xml:25:5-27:34
MERGED from [com.android.support:support-compat:25.3.0] AndroidManifest.xml:25:5-27:34
	android:value
		ADDED from [com.android.support:appcompat-v7:25.3.0] AndroidManifest.xml:27:9-31
	android:name
		ADDED from [com.android.support:appcompat-v7:25.3.0] AndroidManifest.xml:26:9-47